<?xml version="1.0" encoding="UTF-8"?>
<!-- Generated by org.testng.reporters.JUnitReportReporter -->
<testsuite hostname="solomon" name="BottonLine.TestProject.TestCase" tests="1" failures="0" timestamp="31 May 2017 00:16:26 GMT" time="35.988" errors="0">
  <testcase name="AddAcounttest" time="35.988" classname="BottonLine.TestProject.TestCase"/>
</testsuite> <!-- BottonLine.TestProject.TestCase -->
